Arguments: 
  /usr/local/bin/node /usr/local/Cellar/yarn/1.22.4/libexec/bin/yarn.js install

PATH: 
  /Users/vn007b7/Library/Android/sdk/emulator:/Users/vn007b7/Library/Android/sdk/tools:/Users/vn007b7/Library/Android/sdk/platform-tools:/usr/local/bin:/usr/bin:/bin:/usr/sbin:/sbin:/Library/Apple/usr/bin:/usr/local/opt/icu4c/sbin:/usr/local/opt/icu4c/bin:/usr/local/opt/node@10/bin:/Users/vn007b7/Library/Android/sdk/emulator:/Users/vn007b7/Library/Android/sdk/tools:/Users/vn007b7/Library/Android/sdk/platform-tools

Yarn version: 
  1.22.4

Node version: 
  14.15.4

Platform: 
  darwin x64

Trace: 
  SyntaxError: /Users/vn007b7/Documents/test-apps/address-book/package.json: Unexpected token } in JSON at position 2051
      at JSON.parse (<anonymous>)
      at /usr/local/Cellar/yarn/1.22.4/libexec/lib/cli.js:1625:59
      at Generator.next (<anonymous>)
      at step (/usr/local/Cellar/yarn/1.22.4/libexec/lib/cli.js:310:30)
      at /usr/local/Cellar/yarn/1.22.4/libexec/lib/cli.js:321:13

npm manifest: 
  {
    "name": "address-book",
    "version": "1.0.0",
    "description": "",
    "keywords": [],
    "main": "src/index.tsx",
    "dependencies": {
      "@emotion/react": "^11.1.4",
      "@emotion/styled": "^11.0.0",
      "@testing-library/jest-dom": "^4.2.4",
      "@testing-library/react": "^9.3.2",
      "@testing-library/user-event": "^7.1.2",
      "@types/jest": "^24.0.0",
      "@types/node": "^12.0.0",
      "@types/react": "^16.9.0",
      "@types/react-dom": "^16.9.0",
      "axios": "^0.20.0",
      "react": "^16.13.1",
      "react-dom": "^16.13.1",
      "react-redux": "^7.2.1",
      "react-router-dom": "^5.2.0",
      "react-scripts": "3.4.3",
      "redux": "^4.0.5",
      "redux-devtools-extension": "^2.13.8",
      "redux-logger": "^3.0.6",
      "redux-saga": "^1.1.3",
      "redux-saga-actions": "^1.1.0",
      "reselect": "^4.0.0"
    },
    "devDependencies": {
      "@storybook/addon-actions": "^6.1.14",
      "@storybook/addon-essentials": "^6.1.21",
      "@storybook/addon-knobs": "^6.1.14",
      "@storybook/addon-links": "^6.1.14",
      "@storybook/node-logger": "^6.1.14",
      "@storybook/preset-create-react-app": "^3.1.5",
      "@storybook/react": "^6.1.21","@types/axios": "^0.14.0",
      "@types/react-redux": "^7.1.9",
      "@types/react-router-dom": "^5.1.5",
      "@types/redux": "^3.6.0",
      "@types/redux-saga": "^0.10.5",
      "@types/reselect": "^2.2.0",
      "@types/styled-components": "^5.1.3",
      "enzyme": "^3.11.0",
      "enzyme-adapter-react-16": "^1.15.5",
      "typescript": "^4.1.3",
      "ts-jest": "26.4.4",
      "tslint": "^6.1.3",
      "tslint-config-prettier": "^1.18.0",
      "tslint-plugin-prettier": "^2.3.0",
      "tslint-react": "^5.0.0",
      "husky": "^4.3.0",
      "lint-staged": "^10.4.0",
      "prettier": "^2.1.2"
    },
    "scripts": {
      "start": "react-scripts start",
      "build": "react-scripts build",
      "test": "react-scripts test --env=jsdom",
      "eject": "react-scripts eject",
      "lint": "tslint -c tslint.json 'src/**/*.{ts,tsx}' --format verbose",
      "lint:fix": "tslint -c tslint.json 'src/**/*.{ts,tsx}' --fix --format verbose",
    },
    "lint-staged": {
      "src/**/*.{ts,tsx,js,jsx,json,css}": [
        "prettier --write",
        "tslint -c tslint.json 'src/**/*.{ts,tsx}' --format verbose"
      ]
    },
    "husky": {
      "hooks": {
        "pre-commit": "lint-staged"
      }
    },
    "eslintConfig": {
      "extends": [
        "react-app",
        "react-app/jest"
      ]
    },
    "browserslist": [
      ">0.2%",
      "not dead",
      "not ie <= 11",
      "not op_mini all"
    ]
  }

yarn manifest: 
  No manifest

Lockfile: 
  No lockfile
